[Tue Jun  2 22:23:02 +01 2026] Keep-alive démarré
[Tue Jun  2 22:23:02 +01 2026] Check terminé
[Tue Jun  2 22:35:22 +01 2026] Keep-alive démarré
[Tue Jun  2 22:35:22 +01 2026] Check terminé
[Tue Jun  2 22:45:30 +01 2026] Keep-alive démarré
[Tue Jun  2 22:45:30 +01 2026] Check terminé
[Tue Jun  2 22:53:08 +01 2026] Keep-alive démarré
[Tue Jun  2 22:53:08 +01 2026] Check terminé
[Tue Jun  2 23:18:57 +01 2026] Keep-alive démarré
[Tue Jun  2 23:18:58 +01 2026] Check terminé
[Wed Jun  3 00:17:46 +01 2026] Keep-alive démarré
[Wed Jun  3 00:17:47 +01 2026] Check terminé
[Wed Jun  3 00:19:09 +01 2026] Keep-alive démarré
[Wed Jun  3 00:19:09 +01 2026] Check terminé
[Wed Jun  3 01:19:15 +01 2026] Keep-alive démarré
[Wed Jun  3 01:19:15 +01 2026] Check terminé
[Wed Jun  3 01:27:45 +01 2026] Keep-alive démarré
[Wed Jun  3 01:27:45 +01 2026] Check terminé
[Wed Jun  3 13:47:55 +01 2026] Keep-alive démarré
[Wed Jun  3 13:47:55 +01 2026] Check terminé

[Wed Jun  3 16:09:00 +01 2026] === CHECK POST-LANCHEMENT (Agent 1) ===
[Wed Jun  3 16:09:00 +01 2026] ✅ Serveur local: UP (port 3000, PID 22664)
[Wed Jun  3 16:09:00 +01 2026] ✅ API health local: {"status":"ok","service":"miniqueue","version":"1.0.0"}
[Wed Jun  3 16:09:00 +01 2026] ✅ Tunnel Cloudflare: ACTIF (PID 18932)
[Wed Jun  3 16:09:00 +01 2026] ✅ URL tunnel: https://ide-fathers-likewise-kelly.trycloudflare.com
[Wed Jun  3 16:09:00 +01 2026] ✅ Health via tunnel: 200 OK
[Wed Jun  3 16:09:00 +01 2026] ✅ Landing page statique (racine /): 200 OK
[Wed Jun  3 16:09:00 +01 2026] ✅ GitHub Pages: 200 OK
[Wed Jun  3 16:09:00 +01 2026] ⚠️ Ancienne URL (britney-...) n'est plus référencée dans les fichiers du projet
[Wed Jun  3 16:09:00 +01 2026] 🛠️ Bug fixé: ajout express.static pour servir index.html à la racine
[Wed Jun  3 16:09:00 +01 2026] 🛠️ MEMORY.md mis à jour avec la nouvelle URL tunnel
[Wed Jun  3 16:09:00 +01 2026] 🛠️ Commit pushé sur GitHub: src/index.js (static files fix)
[Wed Jun  3 16:09:00 +01 2026] Check terminé
[Wed Jun  3 21:33:02 +01 2026] Keep-alive démarré
[Wed Jun  3 21:33:02 +01 2026] Serveur mort, relance...
[Wed Jun  3 21:33:04 +01 2026] Tunnel mort, relance...
[Wed Jun  3 21:33:10 +01 2026] Check terminé
[Thu Jun  4 00:46:56 +01 2026] Keep-alive démarré
[Thu Jun  4 00:46:56 +01 2026] Serveur mort, relance...
[Thu Jun  4 00:46:58 +01 2026] Tunnel mort, relance...
[Thu Jun  4 00:47:03 +01 2026] Check terminé
